  Test Insert 1.cpp
C:\Users\aslan\Desktop\YZU Related\Curriculum\Code Record\113-2\Programming in C++\Homework 08\8-5. Insert 1\8-5. Insert 1\1131525 - deque - insert.h(509,25): warning C4267: '正在初始化': 將 'size_t' 轉換為 'int'，資料可能遺失
  (編譯來源檔案 'Test%20Insert%201.cpp')
      C:\Users\aslan\Desktop\YZU Related\Curriculum\Code Record\113-2\Programming in C++\Homework 08\8-5. Insert 1\8-5. Insert 1\1131525 - deque - insert.h(509,25):
      範本具現化內容 (首先是最舊的) 是
          C:\Users\aslan\Desktop\YZU Related\Curriculum\Code Record\113-2\Programming in C++\Homework 08\8-5. Insert 1\8-5. Insert 1\Test Insert 1.cpp(101,4):
          請參考正在進行編譯的函式 樣板 具現化 'void testInsert<__int64>(void)'
          C:\Users\aslan\Desktop\YZU Related\Curriculum\Code Record\113-2\Programming in C++\Homework 08\8-5. Insert 1\8-5. Insert 1\Test Insert 1.cpp(112,7):
          請參考正在進行編譯的函式 樣板 具現化 'void testInsert1<__int64>(void)'
          C:\Users\aslan\Desktop\YZU Related\Curriculum\Code Record\113-2\Programming in C++\Homework 08\8-5. Insert 1\8-5. Insert 1\Test Insert 1.cpp(188,37):
          請參考正在進行編譯的 類別 樣板 具現化 'deque<__int64>'
          C:\Users\aslan\Desktop\YZU Related\Curriculum\Code Record\113-2\Programming in C++\Homework 08\8-5. Insert 1\8-5. Insert 1\1131525 - deque - insert.h(403,13):
          編譯 類別 樣板 成員函式 'DequeIterator<DequeVal<Ty>> deque<Ty>::insert(DequeConstIterator<DequeVal<Ty>>,const __int64 &)' 期間
          with
          [
              Ty=__int64
          ]
              C:\Users\aslan\Desktop\YZU Related\Curriculum\Code Record\113-2\Programming in C++\Homework 08\8-5. Insert 1\8-5. Insert 1\Test Insert 1.cpp(188,51):
              請參閱 'testInsert1' 中 'deque<__int64>::insert' 的第一個參考
              C:\Users\aslan\Desktop\YZU Related\Curriculum\Code Record\113-2\Programming in C++\Homework 08\8-5. Insert 1\8-5. Insert 1\Test Insert 1.cpp(112,7):
              請參閱 'testInsert' 中 'testInsert1' 的第一個參考
  
C:\Users\aslan\Desktop\YZU Related\Curriculum\Code Record\113-2\Programming in C++\Homework 08\8-5. Insert 1\8-5. Insert 1\1131525 - deque - insert.h(510,27): warning C4267: '正在初始化': 將 'size_t' 轉換為 'int'，資料可能遺失
  (編譯來源檔案 'Test%20Insert%201.cpp')
  
C:\Users\aslan\Desktop\YZU Related\Curriculum\Code Record\113-2\Programming in C++\Homework 08\8-5. Insert 1\8-5. Insert 1\1131525 - deque - insert.h(512,27): warning C4267: '正在初始化': 將 'size_t' 轉換為 'int'，資料可能遺失
  (編譯來源檔案 'Test%20Insert%201.cpp')
  
C:\Users\aslan\Desktop\YZU Related\Curriculum\Code Record\113-2\Programming in C++\Homework 08\8-5. Insert 1\8-5. Insert 1\1131525 - deque - insert.h(571,24): warning C4267: '正在初始化': 將 'size_t' 轉換為 'int'，資料可能遺失
  (編譯來源檔案 'Test%20Insert%201.cpp')
      C:\Users\aslan\Desktop\YZU Related\Curriculum\Code Record\113-2\Programming in C++\Homework 08\8-5. Insert 1\8-5. Insert 1\1131525 - deque - insert.h(571,24):
      範本具現化內容 (首先是最舊的) 是
          C:\Users\aslan\Desktop\YZU Related\Curriculum\Code Record\113-2\Programming in C++\Homework 08\8-5. Insert 1\8-5. Insert 1\1131525 - deque - insert.h(560,9):
          編譯 類別 樣板 成員函式 'void deque<__int64>::doubleMapSize(void)' 期間
              C:\Users\aslan\Desktop\YZU Related\Curriculum\Code Record\113-2\Programming in C++\Homework 08\8-5. Insert 1\8-5. Insert 1\1131525 - deque - insert.h(448,31):
              請參閱 'deque<__int64>::insert' 中 'deque<__int64>::doubleMapSize' 的第一個參考
              C:\Users\aslan\Desktop\YZU Related\Curriculum\Code Record\113-2\Programming in C++\Homework 08\8-5. Insert 1\8-5. Insert 1\Test Insert 1.cpp(188,51):
              請參閱 'testInsert1' 中 'deque<__int64>::insert' 的第一個參考
              C:\Users\aslan\Desktop\YZU Related\Curriculum\Code Record\113-2\Programming in C++\Homework 08\8-5. Insert 1\8-5. Insert 1\Test Insert 1.cpp(112,7):
              請參閱 'testInsert' 中 'testInsert1' 的第一個參考
  
  8-5. Insert 1.vcxproj -> C:\Users\aslan\Desktop\YZU Related\Curriculum\Code Record\113-2\Programming in C++\Homework 08\8-5. Insert 1\x64\Debug\8-5. Insert 1.exe
