  Test Assignment 1.cpp
C:\Users\aslan\Desktop\YZU Related\Curriculum\Code Record\113-2\Programming in C++\Homework 08\8-3. Assignment 1\8-3. Assignment 1\1131525 - deque - assignment.h(419,30): warning C4018: '<': signed/unsigned 不相符
  (編譯來源檔案 'Test%20Assignment%201.cpp')
      C:\Users\aslan\Desktop\YZU Related\Curriculum\Code Record\113-2\Programming in C++\Homework 08\8-3. Assignment 1\8-3. Assignment 1\1131525 - deque - assignment.h(419,30):
      範本具現化內容 (首先是最舊的) 是
          C:\Users\aslan\Desktop\YZU Related\Curriculum\Code Record\113-2\Programming in C++\Homework 08\8-3. Assignment 1\8-3. Assignment 1\Test Assignment 1.cpp(84,4):
          請參考正在進行編譯的函式 樣板 具現化 'void testAssignment<__int64>(void)'
          C:\Users\aslan\Desktop\YZU Related\Curriculum\Code Record\113-2\Programming in C++\Homework 08\8-3. Assignment 1\8-3. Assignment 1\Test Assignment 1.cpp(95,7):
          請參考正在進行編譯的函式 樣板 具現化 'void testAssignment1<__int64>(void)'
          C:\Users\aslan\Desktop\YZU Related\Curriculum\Code Record\113-2\Programming in C++\Homework 08\8-3. Assignment 1\8-3. Assignment 1\Test Assignment 1.cpp(178,21):
          請參考正在進行編譯的 類別 樣板 具現化 'deque<__int64>'
          C:\Users\aslan\Desktop\YZU Related\Curriculum\Code Record\113-2\Programming in C++\Homework 08\8-3. Assignment 1\8-3. Assignment 1\1131525 - deque - assignment.h(352,11):
          編譯 類別 樣板 成員函式 'deque<__int64> &deque<__int64>::operator =(const deque<__int64> &)' 期間
              C:\Users\aslan\Desktop\YZU Related\Curriculum\Code Record\113-2\Programming in C++\Homework 08\8-3. Assignment 1\8-3. Assignment 1\Test Assignment 1.cpp(243,23):
              請參閱 'testAssignment1' 中 'deque<__int64>::operator =' 的第一個參考
              C:\Users\aslan\Desktop\YZU Related\Curriculum\Code Record\113-2\Programming in C++\Homework 08\8-3. Assignment 1\8-3. Assignment 1\Test Assignment 1.cpp(95,7):
              請參閱 'testAssignment' 中 'testAssignment1' 的第一個參考
  
C:\Users\aslan\Desktop\YZU Related\Curriculum\Code Record\113-2\Programming in C++\Homework 08\8-3. Assignment 1\8-3. Assignment 1\1131525 - deque - assignment.h(523,29): warning C4018: '<': signed/unsigned 不相符
  (編譯來源檔案 'Test%20Assignment%201.cpp')
      C:\Users\aslan\Desktop\YZU Related\Curriculum\Code Record\113-2\Programming in C++\Homework 08\8-3. Assignment 1\8-3. Assignment 1\1131525 - deque - assignment.h(523,29):
      範本具現化內容 (首先是最舊的) 是
          C:\Users\aslan\Desktop\YZU Related\Curriculum\Code Record\113-2\Programming in C++\Homework 08\8-3. Assignment 1\8-3. Assignment 1\1131525 - deque - assignment.h(512,9):
          編譯 類別 樣板 成員函式 'void deque<__int64>::enlargeMap(deque<__int64>::size_type)' 期間
              C:\Users\aslan\Desktop\YZU Related\Curriculum\Code Record\113-2\Programming in C++\Homework 08\8-3. Assignment 1\8-3. Assignment 1\1131525 - deque - assignment.h(381,27):
              請參閱 'deque<__int64>::operator =' 中 'deque<__int64>::enlargeMap' 的第一個參考
              C:\Users\aslan\Desktop\YZU Related\Curriculum\Code Record\113-2\Programming in C++\Homework 08\8-3. Assignment 1\8-3. Assignment 1\Test Assignment 1.cpp(243,23):
              請參閱 'testAssignment1' 中 'deque<__int64>::operator =' 的第一個參考
              C:\Users\aslan\Desktop\YZU Related\Curriculum\Code Record\113-2\Programming in C++\Homework 08\8-3. Assignment 1\8-3. Assignment 1\Test Assignment 1.cpp(95,7):
              請參閱 'testAssignment' 中 'testAssignment1' 的第一個參考
  
  8-3. Assignment 1.vcxproj -> C:\Users\aslan\Desktop\YZU Related\Curriculum\Code Record\113-2\Programming in C++\Homework 08\8-3. Assignment 1\Debug\8-3. Assignment 1.exe
