  Test Erase 1.cpp
C:\Users\aslan\Desktop\YZU Related\Curriculum\Code Record\113-2\Programming in C++\Homework 08\8-7. Erase 1\8-7. Erase 1\Test Erase 1.cpp(81,17): warning C4267: '正在初始化': 將 'size_t' 轉換為 'int'，資料可能遺失
      C:\Users\aslan\Desktop\YZU Related\Curriculum\Code Record\113-2\Programming in C++\Homework 08\8-7. Erase 1\8-7. Erase 1\Test Erase 1.cpp(81,17):
      範本具現化內容 (首先是最舊的) 是
          C:\Users\aslan\Desktop\YZU Related\Curriculum\Code Record\113-2\Programming in C++\Homework 08\8-7. Erase 1\8-7. Erase 1\Test Erase 1.cpp(92,4):
          請參考正在進行編譯的函式 樣板 具現化 'void testErase<char>(void)'
          C:\Users\aslan\Desktop\YZU Related\Curriculum\Code Record\113-2\Programming in C++\Homework 08\8-7. Erase 1\8-7. Erase 1\Test Erase 1.cpp(117,7):
          請參考正在進行編譯的函式 樣板 具現化 'void testErase1<char>(void)'
          C:\Users\aslan\Desktop\YZU Related\Curriculum\Code Record\113-2\Programming in C++\Homework 08\8-7. Erase 1\8-7. Erase 1\Test Erase 1.cpp(198,20):
          請參考正在進行編譯的函式 樣板 具現化 'void STLDequePrint<char>(std::deque<char,std::allocator<char>> &)'
  
C:\Users\aslan\Desktop\YZU Related\Curriculum\Code Record\113-2\Programming in C++\Homework 08\8-7. Erase 1\8-7. Erase 1\Test Erase 1.cpp(82,17): warning C4267: '正在初始化': 將 'size_t' 轉換為 'int'，資料可能遺失
C:\Users\aslan\Desktop\YZU Related\Curriculum\Code Record\113-2\Programming in C++\Homework 08\8-7. Erase 1\8-7. Erase 1\Test Erase 1.cpp(62,17): warning C4267: '正在初始化': 將 'size_t' 轉換為 'int'，資料可能遺失
      C:\Users\aslan\Desktop\YZU Related\Curriculum\Code Record\113-2\Programming in C++\Homework 08\8-7. Erase 1\8-7. Erase 1\Test Erase 1.cpp(62,17):
      範本具現化內容 (首先是最舊的) 是
          C:\Users\aslan\Desktop\YZU Related\Curriculum\Code Record\113-2\Programming in C++\Homework 08\8-7. Erase 1\8-7. Erase 1\Test Erase 1.cpp(199,20):
          請參考正在進行編譯的函式 樣板 具現化 'void myDequePrint<char>(deque<char> &)'
  
C:\Users\aslan\Desktop\YZU Related\Curriculum\Code Record\113-2\Programming in C++\Homework 08\8-7. Erase 1\8-7. Erase 1\Test Erase 1.cpp(63,17): warning C4267: '正在初始化': 將 'size_t' 轉換為 'int'，資料可能遺失
  正在產生程式碼
  9 of 560 functions ( 1.6%) were compiled, the rest were copied from previous compilation.
    0 functions were new in current compilation
    0 functions had inline decision re-evaluated but remain unchanged
  已完成程式碼產生
  8-7. Erase 1.vcxproj -> C:\Users\aslan\Desktop\YZU Related\Curriculum\Code Record\113-2\Programming in C++\Homework 08\8-7. Erase 1\x64\Release\8-7. Erase 1.exe
