  Assignment 6-2.cpp
C:\Users\aslan\Desktop\YZU Related\Curriculum\Code Record\113-2\Programming in C++\Homework 06\Problem 02\Problem 02\list 6-2 - 1131525 - hw6.h(116,26): warning C4267: '正在初始化': 將 'size_t' 轉換為 'int'，資料可能遺失
  (編譯來源檔案 'Assignment%206-2.cpp')
      C:\Users\aslan\Desktop\YZU Related\Curriculum\Code Record\113-2\Programming in C++\Homework 06\Problem 02\Problem 02\list 6-2 - 1131525 - hw6.h(116,26):
      範本具現化內容 (首先是最舊的) 是
          C:\Users\aslan\Desktop\YZU Related\Curriculum\Code Record\113-2\Programming in C++\Homework 06\Problem 02\Problem 02\Assignment 6-2.cpp(34,4):
          請參考正在進行編譯的函式 樣板 具現化 'void testList<__int64>(void)'
          C:\Users\aslan\Desktop\YZU Related\Curriculum\Code Record\113-2\Programming in C++\Homework 06\Problem 02\Problem 02\Assignment 6-2.cpp(42,4):
          請參考正在進行編譯的函式 樣板 具現化 'void testAssignment1<__int64>(void)'
          C:\Users\aslan\Desktop\YZU Related\Curriculum\Code Record\113-2\Programming in C++\Homework 06\Problem 02\Problem 02\Assignment 6-2.cpp(65,30):
          請參考正在進行編譯的 類別 樣板 具現化 'list<__int64>'
          C:\Users\aslan\Desktop\YZU Related\Curriculum\Code Record\113-2\Programming in C++\Homework 06\Problem 02\Problem 02\list 6-2 - 1131525 - hw6.h(105,10):
          編譯 類別 樣板 成員函式 'list<__int64> &list<__int64>::operator =(const list<__int64> &)' 期間
              C:\Users\aslan\Desktop\YZU Related\Curriculum\Code Record\113-2\Programming in C++\Homework 06\Problem 02\Problem 02\Assignment 6-2.cpp(86,16):
              請參閱 'testAssignment1' 中 'list<__int64>::operator =' 的第一個參考
              C:\Users\aslan\Desktop\YZU Related\Curriculum\Code Record\113-2\Programming in C++\Homework 06\Problem 02\Problem 02\Assignment 6-2.cpp(42,4):
              請參閱 'testList' 中 'testAssignment1' 的第一個參考
  
  正在產生程式碼
  Previous IPDB not found, fall back to full compilation.
  All 391 functions were compiled because no usable IPDB/IOBJ from previous compilation was found.
  已完成程式碼產生
  Problem 02.vcxproj -> C:\Users\aslan\Desktop\YZU Related\Curriculum\Code Record\113-2\Programming in C++\Homework 06\Problem 02\x64\Release\Problem 02.exe
