  Assignment 6-3.cpp
C:\Users\aslan\Desktop\YZU Related\Curriculum\Code Record\113-2\Programming in C++\Homework 06\Problem 03\Problem 03\list 6-3 - 1131525 - hw6.h(79,25): warning C4018: '<': signed/unsigned 不相符
  (編譯來源檔案 'Assignment%206-3.cpp')
      C:\Users\aslan\Desktop\YZU Related\Curriculum\Code Record\113-2\Programming in C++\Homework 06\Problem 03\Problem 03\list 6-3 - 1131525 - hw6.h(79,25):
      範本具現化內容 (首先是最舊的) 是
          C:\Users\aslan\Desktop\YZU Related\Curriculum\Code Record\113-2\Programming in C++\Homework 06\Problem 03\Problem 03\Assignment 6-3.cpp(35,4):
          請參考正在進行編譯的函式 樣板 具現化 'void testList<__int64>(void)'
          C:\Users\aslan\Desktop\YZU Related\Curriculum\Code Record\113-2\Programming in C++\Homework 06\Problem 03\Problem 03\Assignment 6-3.cpp(43,4):
          請參考正在進行編譯的函式 樣板 具現化 'void testInsert1<__int64>(void)'
          C:\Users\aslan\Desktop\YZU Related\Curriculum\Code Record\113-2\Programming in C++\Homework 06\Problem 03\Problem 03\Assignment 6-3.cpp(63,24):
          請參考正在進行編譯的 類別 樣板 具現化 'list<__int64>'
          C:\Users\aslan\Desktop\YZU Related\Curriculum\Code Record\113-2\Programming in C++\Homework 06\Problem 03\Problem 03\list 6-3 - 1131525 - hw6.h(72,4):
          編譯 類別 樣板 成員函式 'list<__int64>::list(list<__int64>::size_type)' 期間
              C:\Users\aslan\Desktop\YZU Related\Curriculum\Code Record\113-2\Programming in C++\Homework 06\Problem 03\Problem 03\Assignment 6-3.cpp(60,19):
              請參閱 'testInsert1' 中 'list<__int64>::list' 的第一個參考
              C:\Users\aslan\Desktop\YZU Related\Curriculum\Code Record\113-2\Programming in C++\Homework 06\Problem 03\Problem 03\Assignment 6-3.cpp(43,4):
              請參閱 'testList' 中 'testInsert1' 的第一個參考
  
  正在產生程式碼
  Previous IPDB not found, fall back to full compilation.
  All 374 functions were compiled because no usable IPDB/IOBJ from previous compilation was found.
  已完成程式碼產生
  Problem 03.vcxproj -> C:\Users\aslan\Desktop\YZU Related\Curriculum\Code Record\113-2\Programming in C++\Homework 06\Problem 03\Release\Problem 03.exe
